<?xml version="1.0" encoding="UTF-8"?>
<testng-results skipped="0" failed="0" ignored="0" total="0" passed="0">
  <reporter-output>
  </reporter-output>
  <suite name="mvn.MavenP.AppTest" duration-ms="6" started-at="2018-12-07T09:11:45Z" finished-at="2018-12-07T09:11:45Z">
    <groups>
    </groups>
    <test name="Command line test" duration-ms="6" started-at="2018-12-07T09:11:45Z" finished-at="2018-12-07T09:11:45Z">
    </test> <!-- Command line test -->
  </suite> <!-- mvn.MavenP.AppTest -->
</testng-results>
